-------------------------------------------------------------------------------
Test set: com.edu.hutech.TraineeProjectApplicationTests
-------------------------------------------------------------------------------
Tests run: 1, Failures: 0, Errors: 1, Skipped: 0, Time elapsed: 0.608 s <<< FAILURE! - in com.edu.hutech.TraineeProjectApplicationTests
com.edu.hutech.TraineeProjectApplicationTests  Time elapsed: 0.605 s  <<< ERROR!
java.lang.IllegalStateException: Unable to find a @SpringBootConfiguration, you need to use @ContextConfiguration or @SpringBootTest(classes=...) with your test

