<?xml version="1.0" encoding="UTF-8"?>
<testsuite xmlns:xsi="http://www.w3.org/2001/XMLSchema-instance" xsi:noNamespaceSchemaLocation="https://maven.apache.org/surefire/maven-surefire-plugin/xsd/surefire-test-report-3.0.xsd" version="3.0" name="com.edu.hutech.TraineeProjectApplicationTests" time="0.608" tests="1" errors="1" skipped="0" failures="0">
  <properties>
[...]
</properties>
  <testcase name="com.edu.hutech.TraineeProjectApplicationTests" classname="com.edu.hutech.TraineeProjectApplicationTests" time="0.605">
    <error message="Unable to find a @SpringBootConfiguration, you need to use @ContextConfiguration or @SpringBootTest(classes=...) with your test" type="java.lang.IllegalStateException">java.lang.IllegalStateException: Unable to find a @SpringBootConfiguration, you need to use @ContextConfiguration or @SpringBootTest(classes=...) with your test
</error>
    <system-out><![CDATA[19:36:28.027 [main] DEBUG org.springframework.test.context.BootstrapUtils - Instantiating CacheAwareContextLoaderDelegate from class [org.springframework.test.context.cache.DefaultCacheAwareContextLoaderDelegate]
19:36:28.058 [main] DEBUG org.springframework.test.context.BootstrapUtils - Instantiating BootstrapContext using constructor [public org.springframework.test.context.support.DefaultBootstrapContext(java.lang.Class,org.springframework.test.context.CacheAwareContextLoaderDelegate)]
19:36:28.150 [main] DEBUG org.springframework.test.context.BootstrapUtils - Instantiating TestContextBootstrapper for test class [com.edu.hutech.TraineeProjectApplicationTests] from class [org.springframework.boot.test.context.SpringBootTestContextBootstrapper]
19:36:28.208 [main] INFO org.springframework.boot.test.context.SpringBootTestContextBootstrapper - Neither @ContextConfiguration nor @ContextHierarchy found for test class [com.edu.hutech.TraineeProjectApplicationTests], using SpringBootContextLoader
19:36:28.220 [main] DEBUG org.springframework.test.context.support.AbstractContextLoader - Did not detect default resource location for test class [com.edu.hutech.TraineeProjectApplicationTests]: class path resource [com/edu/hutech/TraineeProjectApplicationTests-context.xml] does not exist
19:36:28.221 [main] DEBUG org.springframework.test.context.support.AbstractContextLoader - Did not detect default resource location for test class [com.edu.hutech.TraineeProjectApplicationTests]: class path resource [com/edu/hutech/TraineeProjectApplicationTestsContext.groovy] does not exist
19:36:28.221 [main] INFO org.springframework.test.context.support.AbstractContextLoader - Could not detect default resource locations for test class [com.edu.hutech.TraineeProjectApplicationTests]: no resource found for suffixes {-context.xml, Context.groovy}.
19:36:28.223 [main] INFO org.springframework.test.context.support.AnnotationConfigContextLoaderUtils - Could not detect default configuration classes for test class [com.edu.hutech.TraineeProjectApplicationTests]: TraineeProjectApplicationTests does not declare any static, non-private, non-final, nested classes annotated with @Configuration.
19:36:28.378 [main] DEBUG org.springframework.test.context.support.ActiveProfilesUtils - Could not find an 'annotation declaring class' for annotation type [org.springframework.test.context.ActiveProfiles] and class [com.edu.hutech.TraineeProjectApplicationTests]
]]></system-out>
  </testcase>
</testsuite>